<?xml version="1.0" encoding="UTF-8"?>
<!-- Generated by org.testng.reporters.JUnitReportReporter -->
<testsuite hostname="DESKTOP-D7E9L8T" failures="0" tests="3" name="com.SwagLabs.TestPage.InventoryPageTest" time="0.220" errors="0" timestamp="2023-11-02T14:59:13 IST" skipped="0">
  <testcase classname="com.SwagLabs.TestPage.InventoryPageTest" name="verifyProductCount" time="0.031"/>
  <system-out/>
  <testcase classname="com.SwagLabs.TestPage.InventoryPageTest" name="verifyProductLables" time="0.066"/>
  <system-out/>
  <testcase classname="com.SwagLabs.TestPage.InventoryPageTest" name="verifyAddToCart" time="0.123"/>
  <system-out/>
</testsuite> <!-- com.SwagLabs.TestPage.InventoryPageTest -->
