<?xml version="1.0" encoding="UTF-8"?>
<!-- Generated by org.testng.reporters.JUnitReportReporter -->
<testsuite hostname="DESKTOP-D7E9L8T" failures="0" tests="3" name="com.SwagLabs.TestPage.LoginPageTest" time="0.628" errors="0" timestamp="2023-11-01T20:43:22 IST" skipped="0">
  <testcase classname="com.SwagLabs.TestPage.LoginPageTest" name="verifyCurrentUrl" time="0.029"/>
  <system-out/>
  <testcase classname="com.SwagLabs.TestPage.LoginPageTest" name="verifyTitle" time="0.016"/>
  <system-out/>
  <testcase classname="com.SwagLabs.TestPage.LoginPageTest" name="VerifyLogin" time="0.583"/>
  <system-out/>
</testsuite> <!-- com.SwagLabs.TestPage.LoginPageTest -->
