<?xml version="1.0" encoding="UTF-8"?>
<!-- Generated by org.testng.reporters.JUnitReportReporter -->
<testsuite hostname="DESKTOP-D7E9L8T" failures="0" tests="4" name="com.SwagLabs.TestPage.AddToCartPageTest" time="6.864" errors="0" timestamp="2023-11-02T16:43:00 IST" skipped="0">
  <testcase classname="com.SwagLabs.TestPage.AddToCartPageTest" name="verifyPageLaunch" time="0.111"/>
  <system-out/>
  <testcase classname="com.SwagLabs.TestPage.AddToCartPageTest" name="verifyRemove" time="2.118"/>
  <system-out/>
  <testcase classname="com.SwagLabs.TestPage.AddToCartPageTest" name="verifyContinue" time="4.513"/>
  <system-out/>
  <testcase classname="com.SwagLabs.TestPage.AddToCartPageTest" name="verifyCheckout" time="0.122"/>
  <system-out/>
</testsuite> <!-- com.SwagLabs.TestPage.AddToCartPageTest -->
