<?xml version="1.0" encoding="UTF-8"?>
<!-- Generated by org.testng.reporters.JUnitReportReporter -->
<testsuite hostname="DESKTOP-D7E9L8T" failures="0" tests="1" name="com.SwagLabs.TestPage.CheckoutPageTest" time="0.507" errors="0" timestamp="2023-11-02T17:06:52 IST" skipped="0">
  <testcase classname="com.SwagLabs.TestPage.CheckoutPageTest" name="verifyCheckout" time="0.507"/>
  <system-out/>
</testsuite> <!-- com.SwagLabs.TestPage.CheckoutPageTest -->
