<?xml version="1.0" encoding="UTF-8"?>
<!-- Generated by org.testng.reporters.JUnitReportReporter -->
<testsuite hostname="DESKTOP-D7E9L8T" failures="0" tests="2" name="com.SwagLabs.TestPage.OverviewPageTest" time="0.338" errors="0" timestamp="2023-11-14T17:04:42 IST" skipped="0">
  <testcase classname="com.SwagLabs.TestPage.OverviewPageTest" name="verifyOrderSummary" time="0.046"/>
  <system-out/>
  <testcase classname="com.SwagLabs.TestPage.OverviewPageTest" name="verifyCompleteOrder" time="0.292"/>
  <system-out/>
</testsuite> <!-- com.SwagLabs.TestPage.OverviewPageTest -->
